#---------------------------------------------------------
# Our first Optimization 'compile' is intended to      
# produce a design that will meet hold-time            
# under worst-case conditions:                         
#    - slowest process corner                        
#    - highest operating temperature and lowest Vcc  
#    - expected worst case clock skew                
#---------------------------------------------------------
#---------------------------------------------------------
# Set the current design to the top level instance name 
# to make sure that you are working on the right design
# at the time of constraint setting and compilation
#---------------------------------------------------------
##################################################
# Revision History: 01/27/2010, by Chanyoun Won
#                   01/19/2011, by Won Ha Choi
#                   01/21/2011, by Zhuo Yan
##################################################
current_design $modname
Current design is 'MyDesign'.
#---------------------------------------------------------
# Set the synthetic library variable to enable use of 
# desigware blocks
#---------------------------------------------------------
set synthetic_library [list dw_foundation.sldb]
#---------------------------------------------------------
# Specify the worst case (slowest) libraries and       
# slowest temperature/Vcc conditions                   
# This would involve setting up the slow library as the 
# target and setting the link library to the conctenation
# of the target and the synthetic library
#---------------------------------------------------------
set target_library NangateOpenCellLibrary_PDKv1_2_v2008_10_slow_nldm.db
set link_library   [concat  $target_library $synthetic_library]
#---------------------------------------------------------
# Specify a 5000ps clock period with 50% duty cycle     
# and a skew of 50ps                                 
#---------------------------------------------------------
#set CLK_PER  5
set CLK_SKEW 0.05
create_clock -name $clkname -period $CLK_PER -waveform "0 [expr $CLK_PER / 2]" $clkname
Information: Building the design 'DW_piped_mac' instantiated from design 'DW_piped_mac_inst' with
	the parameters "32,32,32,0,0,1,0". (HDL-193)
Warning: Cannot find the design 'DW_piped_mac' in the library 'WORK'. (LBR-1)
Warning: Unable to resolve reference 'DW_piped_mac' in 'DW_piped_mac_inst'. (LINK-5)
Warning: Design 'MyDesign' has '1' unresolved references. For more detailed information, use the "link" command. (UID-341)
set_clock_uncertainty $CLK_SKEW $clkname
Warning: Design 'MyDesign' has '1' unresolved references. For more detailed information, use the "link" command. (UID-341)
#---------------------------------------------------------
# Now set up the 'CONSTRAINTS' on the design:          
# 1.  How much of the clock period is lost in the      
#     modules connected to it                          
# 2.  What type of cells are driving the inputs        
# 3.  What type of cells and how many (fanout) must it 
#     be able to drive                                 
#---------------------------------------------------------
# Following parameters have been modified based on Nangate 45nm library (slow conditional):
# DFF_CKQ, IP_DELAY, DFF_SETUP, OP_DELAY, WIRE_LOAD_EST
# These values are based on simulation. Credited to: Christopher Mineo
#---------------------------------------------------------
# ASSUME being driven by a slowest D-flip-flop         
# The DFF cell has a clock-Q delay of 638 ps          
# EX: 50um M3 has R of 178.57 Ohms and C of 12.5585fF. 0.69RC = 1.55ps, and wire load
# of 50um M3 is 13fF. Therefore, roughly 20ps wire delay is assumed.                
# NOTE: THESE ARE INITIAL ASSUMPTIONS ONLY             
#---------------------------------------------------------
#
set DFF_CKQ 0.638
set IP_DELAY [expr 0.02 + $DFF_CKQ]
set_input_delay $IP_DELAY -clock $clkname [remove_from_collection [all_inputs] $clkname]
Warning: Design 'MyDesign' has '1' unresolved references. For more detailed information, use the "link" command. (UID-341)
#---------------------------------------------------------
# ASSUME this module is driving a D-flip-flip          
# The DFF cell has a set-up time of 546 ps             
# Same wire delay as mentioned above           
# NOTE: THESE ARE INITIAL ASSUMPTIONS ONLY             
#---------------------------------------------------------
set DFF_SETUP 0.546
set OP_DELAY [expr 0.02 + $DFF_SETUP]
set_output_delay $OP_DELAY -clock $clkname [all_outputs]
Warning: Design 'MyDesign' has '1' unresolved references. For more detailed information, use the "link" command. (UID-341)
#---------------------------------------------------------  
# ASSUME being driven by a D-flip-flop                 
#---------------------------------------------------------
set DR_CELL_NAME DFFR_X1
set DR_CELL_PIN  Q
set_driving_cell -lib_cell "$DR_CELL_NAME" -pin "$DR_CELL_PIN" [remove_from_collection [all_inputs] $clkname]
Warning: Design 'MyDesign' has '1' unresolved references. For more detailed information, use the "link" command. (UID-341)
Warning: Design rule attributes from the driving cell will be set on the port 'reset_n'. (UID-401)
Warning: Design rule attributes from the driving cell will be set on the port 'dut_valid'. (UID-401)
Warning: Design rule attributes from the driving cell will be set on the port 'tb__dut__sram_input_read_data[31]'. (UID-401)
Warning: Design rule attributes from the driving cell will be set on the port 'tb__dut__sram_input_read_data[30]'. (UID-401)
Warning: Design rule attributes from the driving cell will be set on the port 'tb__dut__sram_input_read_data[29]'. (UID-401)
Warning: Design rule attributes from the driving cell will be set on the port 'tb__dut__sram_input_read_data[28]'. (UID-401)
Warning: Design rule attributes from the driving cell will be set on the port 'tb__dut__sram_input_read_data[27]'. (UID-401)
Warning: Design rule attributes from the driving cell will be set on the port 'tb__dut__sram_input_read_data[26]'. (UID-401)
Warning: Design rule attributes from the driving cell will be set on the port 'tb__dut__sram_input_read_data[25]'. (UID-401)
Warning: Design rule attributes from the driving cell will be set on the port 'tb__dut__sram_input_read_data[24]'. (UID-401)
Warning: Design rule attributes from the driving cell will be set on the port 'tb__dut__sram_input_read_data[23]'. (UID-401)
Warning: Design rule attributes from the driving cell will be set on the port 'tb__dut__sram_input_read_data[22]'. (UID-401)
Warning: Design rule attributes from the driving cell will be set on the port 'tb__dut__sram_input_read_data[21]'. (UID-401)
Warning: Design rule attributes from the driving cell will be set on the port 'tb__dut__sram_input_read_data[20]'. (UID-401)
Warning: Design rule attributes from the driving cell will be set on the port 'tb__dut__sram_input_read_data[19]'. (UID-401)
Warning: Design rule attributes from the driving cell will be set on the port 'tb__dut__sram_input_read_data[18]'. (UID-401)
Warning: Design rule attributes from the driving cell will be set on the port 'tb__dut__sram_input_read_data[17]'. (UID-401)
Warning: Design rule attributes from the driving cell will be set on the port 'tb__dut__sram_input_read_data[16]'. (UID-401)
Warning: Design rule attributes from the driving cell will be set on the port 'tb__dut__sram_input_read_data[15]'. (UID-401)
Warning: Design rule attributes from the driving cell will be set on the port 'tb__dut__sram_input_read_data[14]'. (UID-401)
Warning: Design rule attributes from the driving cell will be set on the port 'tb__dut__sram_input_read_data[13]'. (UID-401)
Warning: Design rule attributes from the driving cell will be set on the port 'tb__dut__sram_input_read_data[12]'. (UID-401)
Warning: Design rule attributes from the driving cell will be set on the port 'tb__dut__sram_input_read_data[11]'. (UID-401)
Warning: Design rule attributes from the driving cell will be set on the port 'tb__dut__sram_input_read_data[10]'. (UID-401)
Warning: Design rule attributes from the driving cell will be set on the port 'tb__dut__sram_input_read_data[9]'. (UID-401)
Warning: Design rule attributes from the driving cell will be set on the port 'tb__dut__sram_input_read_data[8]'. (UID-401)
Warning: Design rule attributes from the driving cell will be set on the port 'tb__dut__sram_input_read_data[7]'. (UID-401)
Warning: Design rule attributes from the driving cell will be set on the port 'tb__dut__sram_input_read_data[6]'. (UID-401)
Warning: Design rule attributes from the driving cell will be set on the port 'tb__dut__sram_input_read_data[5]'. (UID-401)
Warning: Design rule attributes from the driving cell will be set on the port 'tb__dut__sram_input_read_data[4]'. (UID-401)
Warning: Design rule attributes from the driving cell will be set on the port 'tb__dut__sram_input_read_data[3]'. (UID-401)
Warning: Design rule attributes from the driving cell will be set on the port 'tb__dut__sram_input_read_data[2]'. (UID-401)
Warning: Design rule attributes from the driving cell will be set on the port 'tb__dut__sram_input_read_data[1]'. (UID-401)
Warning: Design rule attributes from the driving cell will be set on the port 'tb__dut__sram_input_read_data[0]'. (UID-401)
Warning: Design rule attributes from the driving cell will be set on the port 'tb__dut__sram_weight_read_data[31]'. (UID-401)
Warning: Design rule attributes from the driving cell will be set on the port 'tb__dut__sram_weight_read_data[30]'. (UID-401)
Warning: Design rule attributes from the driving cell will be set on the port 'tb__dut__sram_weight_read_data[29]'. (UID-401)
Warning: Design rule attributes from the driving cell will be set on the port 'tb__dut__sram_weight_read_data[28]'. (UID-401)
Warning: Design rule attributes from the driving cell will be set on the port 'tb__dut__sram_weight_read_data[27]'. (UID-401)
Warning: Design rule attributes from the driving cell will be set on the port 'tb__dut__sram_weight_read_data[26]'. (UID-401)
Warning: Design rule attributes from the driving cell will be set on the port 'tb__dut__sram_weight_read_data[25]'. (UID-401)
Warning: Design rule attributes from the driving cell will be set on the port 'tb__dut__sram_weight_read_data[24]'. (UID-401)
Warning: Design rule attributes from the driving cell will be set on the port 'tb__dut__sram_weight_read_data[23]'. (UID-401)
Warning: Design rule attributes from the driving cell will be set on the port 'tb__dut__sram_weight_read_data[22]'. (UID-401)
Warning: Design rule attributes from the driving cell will be set on the port 'tb__dut__sram_weight_read_data[21]'. (UID-401)
Warning: Design rule attributes from the driving cell will be set on the port 'tb__dut__sram_weight_read_data[20]'. (UID-401)
Warning: Design rule attributes from the driving cell will be set on the port 'tb__dut__sram_weight_read_data[19]'. (UID-401)
Warning: Design rule attributes from the driving cell will be set on the port 'tb__dut__sram_weight_read_data[18]'. (UID-401)
Warning: Design rule attributes from the driving cell will be set on the port 'tb__dut__sram_weight_read_data[17]'. (UID-401)
Warning: Design rule attributes from the driving cell will be set on the port 'tb__dut__sram_weight_read_data[16]'. (UID-401)
Warning: Design rule attributes from the driving cell will be set on the port 'tb__dut__sram_weight_read_data[15]'. (UID-401)
Warning: Design rule attributes from the driving cell will be set on the port 'tb__dut__sram_weight_read_data[14]'. (UID-401)
Warning: Design rule attributes from the driving cell will be set on the port 'tb__dut__sram_weight_read_data[13]'. (UID-401)
Warning: Design rule attributes from the driving cell will be set on the port 'tb__dut__sram_weight_read_data[12]'. (UID-401)
Warning: Design rule attributes from the driving cell will be set on the port 'tb__dut__sram_weight_read_data[11]'. (UID-401)
Warning: Design rule attributes from the driving cell will be set on the port 'tb__dut__sram_weight_read_data[10]'. (UID-401)
Warning: Design rule attributes from the driving cell will be set on the port 'tb__dut__sram_weight_read_data[9]'. (UID-401)
Warning: Design rule attributes from the driving cell will be set on the port 'tb__dut__sram_weight_read_data[8]'. (UID-401)
Warning: Design rule attributes from the driving cell will be set on the port 'tb__dut__sram_weight_read_data[7]'. (UID-401)
Warning: Design rule attributes from the driving cell will be set on the port 'tb__dut__sram_weight_read_data[6]'. (UID-401)
Warning: Design rule attributes from the driving cell will be set on the port 'tb__dut__sram_weight_read_data[5]'. (UID-401)
Warning: Design rule attributes from the driving cell will be set on the port 'tb__dut__sram_weight_read_data[4]'. (UID-401)
Warning: Design rule attributes from the driving cell will be set on the port 'tb__dut__sram_weight_read_data[3]'. (UID-401)
Warning: Design rule attributes from the driving cell will be set on the port 'tb__dut__sram_weight_read_data[2]'. (UID-401)
Warning: Design rule attributes from the driving cell will be set on the port 'tb__dut__sram_weight_read_data[1]'. (UID-401)
Warning: Design rule attributes from the driving cell will be set on the port 'tb__dut__sram_weight_read_data[0]'. (UID-401)
Warning: Design rule attributes from the driving cell will be set on the port 'tb__dut__sram_result_read_data[31]'. (UID-401)
Warning: Design rule attributes from the driving cell will be set on the port 'tb__dut__sram_result_read_data[30]'. (UID-401)
Warning: Design rule attributes from the driving cell will be set on the port 'tb__dut__sram_result_read_data[29]'. (UID-401)
Warning: Design rule attributes from the driving cell will be set on the port 'tb__dut__sram_result_read_data[28]'. (UID-401)
Warning: Design rule attributes from the driving cell will be set on the port 'tb__dut__sram_result_read_data[27]'. (UID-401)
Warning: Design rule attributes from the driving cell will be set on the port 'tb__dut__sram_result_read_data[26]'. (UID-401)
Warning: Design rule attributes from the driving cell will be set on the port 'tb__dut__sram_result_read_data[25]'. (UID-401)
Warning: Design rule attributes from the driving cell will be set on the port 'tb__dut__sram_result_read_data[24]'. (UID-401)
Warning: Design rule attributes from the driving cell will be set on the port 'tb__dut__sram_result_read_data[23]'. (UID-401)
Warning: Design rule attributes from the driving cell will be set on the port 'tb__dut__sram_result_read_data[22]'. (UID-401)
Warning: Design rule attributes from the driving cell will be set on the port 'tb__dut__sram_result_read_data[21]'. (UID-401)
Warning: Design rule attributes from the driving cell will be set on the port 'tb__dut__sram_result_read_data[20]'. (UID-401)
Warning: Design rule attributes from the driving cell will be set on the port 'tb__dut__sram_result_read_data[19]'. (UID-401)
Warning: Design rule attributes from the driving cell will be set on the port 'tb__dut__sram_result_read_data[18]'. (UID-401)
Warning: Design rule attributes from the driving cell will be set on the port 'tb__dut__sram_result_read_data[17]'. (UID-401)
Warning: Design rule attributes from the driving cell will be set on the port 'tb__dut__sram_result_read_data[16]'. (UID-401)
Warning: Design rule attributes from the driving cell will be set on the port 'tb__dut__sram_result_read_data[15]'. (UID-401)
Warning: Design rule attributes from the driving cell will be set on the port 'tb__dut__sram_result_read_data[14]'. (UID-401)
Warning: Design rule attributes from the driving cell will be set on the port 'tb__dut__sram_result_read_data[13]'. (UID-401)
Warning: Design rule attributes from the driving cell will be set on the port 'tb__dut__sram_result_read_data[12]'. (UID-401)
Warning: Design rule attributes from the driving cell will be set on the port 'tb__dut__sram_result_read_data[11]'. (UID-401)
Warning: Design rule attributes from the driving cell will be set on the port 'tb__dut__sram_result_read_data[10]'. (UID-401)
Warning: Design rule attributes from the driving cell will be set on the port 'tb__dut__sram_result_read_data[9]'. (UID-401)
Warning: Design rule attributes from the driving cell will be set on the port 'tb__dut__sram_result_read_data[8]'. (UID-401)
Warning: Design rule attributes from the driving cell will be set on the port 'tb__dut__sram_result_read_data[7]'. (UID-401)
Warning: Design rule attributes from the driving cell will be set on the port 'tb__dut__sram_result_read_data[6]'. (UID-401)
Warning: Design rule attributes from the driving cell will be set on the port 'tb__dut__sram_result_read_data[5]'. (UID-401)
Warning: Design rule attributes from the driving cell will be set on the port 'tb__dut__sram_result_read_data[4]'. (UID-401)
Warning: Design rule attributes from the driving cell will be set on the port 'tb__dut__sram_result_read_data[3]'. (UID-401)
Warning: Design rule attributes from the driving cell will be set on the port 'tb__dut__sram_result_read_data[2]'. (UID-401)
Warning: Design rule attributes from the driving cell will be set on the port 'tb__dut__sram_result_read_data[1]'. (UID-401)
Warning: Design rule attributes from the driving cell will be set on the port 'tb__dut__sram_result_read_data[0]'. (UID-401)
Warning: Design rule attributes from the driving cell will be set on the port 'tb__dut__sram_scratchpad_read_data[31]'. (UID-401)
Warning: Design rule attributes from the driving cell will be set on the port 'tb__dut__sram_scratchpad_read_data[30]'. (UID-401)
Warning: Design rule attributes from the driving cell will be set on the port 'tb__dut__sram_scratchpad_read_data[29]'. (UID-401)
Warning: Design rule attributes from the driving cell will be set on the port 'tb__dut__sram_scratchpad_read_data[28]'. (UID-401)
Warning: Design rule attributes from the driving cell will be set on the port 'tb__dut__sram_scratchpad_read_data[27]'. (UID-401)
Warning: Design rule attributes from the driving cell will be set on the port 'tb__dut__sram_scratchpad_read_data[26]'. (UID-401)
Warning: Design rule attributes from the driving cell will be set on the port 'tb__dut__sram_scratchpad_read_data[25]'. (UID-401)
Warning: Design rule attributes from the driving cell will be set on the port 'tb__dut__sram_scratchpad_read_data[24]'. (UID-401)
Warning: Design rule attributes from the driving cell will be set on the port 'tb__dut__sram_scratchpad_read_data[23]'. (UID-401)
Warning: Design rule attributes from the driving cell will be set on the port 'tb__dut__sram_scratchpad_read_data[22]'. (UID-401)
Warning: Design rule attributes from the driving cell will be set on the port 'tb__dut__sram_scratchpad_read_data[21]'. (UID-401)
Warning: Design rule attributes from the driving cell will be set on the port 'tb__dut__sram_scratchpad_read_data[20]'. (UID-401)
Warning: Design rule attributes from the driving cell will be set on the port 'tb__dut__sram_scratchpad_read_data[19]'. (UID-401)
Warning: Design rule attributes from the driving cell will be set on the port 'tb__dut__sram_scratchpad_read_data[18]'. (UID-401)
Warning: Design rule attributes from the driving cell will be set on the port 'tb__dut__sram_scratchpad_read_data[17]'. (UID-401)
Warning: Design rule attributes from the driving cell will be set on the port 'tb__dut__sram_scratchpad_read_data[16]'. (UID-401)
Warning: Design rule attributes from the driving cell will be set on the port 'tb__dut__sram_scratchpad_read_data[15]'. (UID-401)
Warning: Design rule attributes from the driving cell will be set on the port 'tb__dut__sram_scratchpad_read_data[14]'. (UID-401)
Warning: Design rule attributes from the driving cell will be set on the port 'tb__dut__sram_scratchpad_read_data[13]'. (UID-401)
Warning: Design rule attributes from the driving cell will be set on the port 'tb__dut__sram_scratchpad_read_data[12]'. (UID-401)
Warning: Design rule attributes from the driving cell will be set on the port 'tb__dut__sram_scratchpad_read_data[11]'. (UID-401)
Warning: Design rule attributes from the driving cell will be set on the port 'tb__dut__sram_scratchpad_read_data[10]'. (UID-401)
Warning: Design rule attributes from the driving cell will be set on the port 'tb__dut__sram_scratchpad_read_data[9]'. (UID-401)
Warning: Design rule attributes from the driving cell will be set on the port 'tb__dut__sram_scratchpad_read_data[8]'. (UID-401)
Warning: Design rule attributes from the driving cell will be set on the port 'tb__dut__sram_scratchpad_read_data[7]'. (UID-401)
Warning: Design rule attributes from the driving cell will be set on the port 'tb__dut__sram_scratchpad_read_data[6]'. (UID-401)
Warning: Design rule attributes from the driving cell will be set on the port 'tb__dut__sram_scratchpad_read_data[5]'. (UID-401)
Warning: Design rule attributes from the driving cell will be set on the port 'tb__dut__sram_scratchpad_read_data[4]'. (UID-401)
Warning: Design rule attributes from the driving cell will be set on the port 'tb__dut__sram_scratchpad_read_data[3]'. (UID-401)
Warning: Design rule attributes from the driving cell will be set on the port 'tb__dut__sram_scratchpad_read_data[2]'. (UID-401)
Warning: Design rule attributes from the driving cell will be set on the port 'tb__dut__sram_scratchpad_read_data[1]'. (UID-401)
Warning: Design rule attributes from the driving cell will be set on the port 'tb__dut__sram_scratchpad_read_data[0]'. (UID-401)
#---------------------------------------------------------
# ASSUME the worst case output load is                 
# 4 D-flip-flop (D-inputs) and                         
# 0.013 units of wiring capacitance                     
#---------------------------------------------------------
set PORT_LOAD_CELL  NangateOpenCellLibrary_PDKv1_2_v2008_10_slow_nldm/DFFR_X1/D
set WIRE_LOAD_EST   0.013
set FANOUT          4
set PORT_LOAD [expr $WIRE_LOAD_EST + $FANOUT * [load_of $PORT_LOAD_CELL]]
set_load $PORT_LOAD [all_outputs]
#---------------------------------------------------------
# Now set the GOALS for the compile                    
# In most cases you want minimum area, so set the      
# goal for maximum area to be 0                        
#---------------------------------------------------------
#set_max_area 0
#---------------------------------------------------------
# This command prevents feedthroughs from input to output and avoids assign statements                 
#--------------------------------------------------------- 
set_fix_multiple_port_nets -all -buffer_constants [get_designs]
#------------------------------------------------------
# For logic reduction, I want to make one flat design    
#                                                      
#------------------------------------------------------
ungroup -flatten -all
Warning: Design 'MyDesign' has '1' unresolved references. For more detailed information, use the "link" command. (UID-341)
Information: Updating graph... (UID-83)
Warning: Design 'MyDesign' contains 1 high-fanout nets. A fanout number of 1000 will be used for delay calculations involving these nets. (TIM-134)
#---------------------------------------------------------
# check the design before optimization  
#---------------------------------------------------------
#---------------------------------------------------------
# check_design checks for consistency of design and issues
# warnings and errors. An error would imply the design is 
# not compilable. See > man check_design for more information.
#---------------------------------------------------------
check_design
Warning: Design 'MyDesign' has '1' unresolved references. For more detailed information, use the "link" command. (UID-341)
 
****************************************
check_design summary:
Version:     T-2022.03-SP4
Date:        Sat Nov 16 01:51:14 2024
****************************************

                   Name                                            Total
--------------------------------------------------------------------------------
Inputs/Outputs                                                    133
    Multiply driven inputs (LINT-6)                                 2
    Unconnected ports (LINT-28)                                    96
    Shorted outputs (LINT-31)                                      33
    Constant outputs (LINT-52)                                      2

Cells                                                              13
    Cells do not drive (LINT-1)                                    13

Nets                                                                2
    Multiply driven net with constant driver (LINT-54)              2

Tristate                                                           67
    A tristate bus has a non tri-state driver (LINT-34)            67
--------------------------------------------------------------------------------

Warning: In design 'MyDesign', cell 'B_64' does not drive any nets. (LINT-1)
Warning: In design 'MyDesign', cell 'B_65' does not drive any nets. (LINT-1)
Warning: In design 'MyDesign', cell 'C1715' does not drive any nets. (LINT-1)
Warning: In design 'MyDesign', cell 'C1752' does not drive any nets. (LINT-1)
Warning: In design 'MyDesign', cell 'C1756' does not drive any nets. (LINT-1)
Warning: In design 'MyDesign', cell 'C1767' does not drive any nets. (LINT-1)
Warning: In design 'MyDesign', cell 'C1786' does not drive any nets. (LINT-1)
Warning: In design 'MyDesign', cell 'C1790' does not drive any nets. (LINT-1)
Warning: In design 'MyDesign', cell 'C1806' does not drive any nets. (LINT-1)
Warning: In design 'MyDesign', cell 'C1813' does not drive any nets. (LINT-1)
Warning: In design 'MyDesign', cell 'C1824' does not drive any nets. (LINT-1)
Warning: In design 'MyDesign', cell 'C1839' does not drive any nets. (LINT-1)
Warning: In design 'MyDesign', cell 'C1856' does not drive any nets. (LINT-1)
Warning: In design 'MyDesign', input port 'reset_n' drives wired logic; the port direction may have been specified incorrectly. (LINT-6)
Warning: In design 'MyDesign', input port 'clk' drives wired logic; the port direction may have been specified incorrectly. (LINT-6)
Warning: In design 'MyDesign', port 'dut__tb__sram_input_write_address[15]' is not connected to any nets. (LINT-28)
Warning: In design 'MyDesign', port 'dut__tb__sram_input_write_address[14]' is not connected to any nets. (LINT-28)
Warning: In design 'MyDesign', port 'dut__tb__sram_input_write_address[13]' is not connected to any nets. (LINT-28)
Warning: In design 'MyDesign', port 'dut__tb__sram_input_write_address[12]' is not connected to any nets. (LINT-28)
Warning: In design 'MyDesign', port 'dut__tb__sram_input_write_address[11]' is not connected to any nets. (LINT-28)
Warning: In design 'MyDesign', port 'dut__tb__sram_input_write_address[10]' is not connected to any nets. (LINT-28)
Warning: In design 'MyDesign', port 'dut__tb__sram_input_write_address[9]' is not connected to any nets. (LINT-28)
Warning: In design 'MyDesign', port 'dut__tb__sram_input_write_address[8]' is not connected to any nets. (LINT-28)
Warning: In design 'MyDesign', port 'dut__tb__sram_input_write_address[7]' is not connected to any nets. (LINT-28)
Warning: In design 'MyDesign', port 'dut__tb__sram_input_write_address[6]' is not connected to any nets. (LINT-28)
Warning: In design 'MyDesign', port 'dut__tb__sram_input_write_address[5]' is not connected to any nets. (LINT-28)
Warning: In design 'MyDesign', port 'dut__tb__sram_input_write_address[4]' is not connected to any nets. (LINT-28)
Warning: In design 'MyDesign', port 'dut__tb__sram_input_write_address[3]' is not connected to any nets. (LINT-28)
Warning: In design 'MyDesign', port 'dut__tb__sram_input_write_address[2]' is not connected to any nets. (LINT-28)
Warning: In design 'MyDesign', port 'dut__tb__sram_input_write_address[1]' is not connected to any nets. (LINT-28)
Warning: In design 'MyDesign', port 'dut__tb__sram_input_write_address[0]' is not connected to any nets. (LINT-28)
Warning: In design 'MyDesign', port 'dut__tb__sram_input_write_data[31]' is not connected to any nets. (LINT-28)
Warning: In design 'MyDesign', port 'dut__tb__sram_input_write_data[30]' is not connected to any nets. (LINT-28)
Warning: In design 'MyDesign', port 'dut__tb__sram_input_write_data[29]' is not connected to any nets. (LINT-28)
Warning: In design 'MyDesign', port 'dut__tb__sram_input_write_data[28]' is not connected to any nets. (LINT-28)
Warning: In design 'MyDesign', port 'dut__tb__sram_input_write_data[27]' is not connected to any nets. (LINT-28)
Warning: In design 'MyDesign', port 'dut__tb__sram_input_write_data[26]' is not connected to any nets. (LINT-28)
Warning: In design 'MyDesign', port 'dut__tb__sram_input_write_data[25]' is not connected to any nets. (LINT-28)
Warning: In design 'MyDesign', port 'dut__tb__sram_input_write_data[24]' is not connected to any nets. (LINT-28)
Warning: In design 'MyDesign', port 'dut__tb__sram_input_write_data[23]' is not connected to any nets. (LINT-28)
Warning: In design 'MyDesign', port 'dut__tb__sram_input_write_data[22]' is not connected to any nets. (LINT-28)
Warning: In design 'MyDesign', port 'dut__tb__sram_input_write_data[21]' is not connected to any nets. (LINT-28)
Warning: In design 'MyDesign', port 'dut__tb__sram_input_write_data[20]' is not connected to any nets. (LINT-28)
Warning: In design 'MyDesign', port 'dut__tb__sram_input_write_data[19]' is not connected to any nets. (LINT-28)
Warning: In design 'MyDesign', port 'dut__tb__sram_input_write_data[18]' is not connected to any nets. (LINT-28)
Warning: In design 'MyDesign', port 'dut__tb__sram_input_write_data[17]' is not connected to any nets. (LINT-28)
Warning: In design 'MyDesign', port 'dut__tb__sram_input_write_data[16]' is not connected to any nets. (LINT-28)
Warning: In design 'MyDesign', port 'dut__tb__sram_input_write_data[15]' is not connected to any nets. (LINT-28)
Warning: In design 'MyDesign', port 'dut__tb__sram_input_write_data[14]' is not connected to any nets. (LINT-28)
Warning: In design 'MyDesign', port 'dut__tb__sram_input_write_data[13]' is not connected to any nets. (LINT-28)
Warning: In design 'MyDesign', port 'dut__tb__sram_input_write_data[12]' is not connected to any nets. (LINT-28)
Warning: In design 'MyDesign', port 'dut__tb__sram_input_write_data[11]' is not connected to any nets. (LINT-28)
Warning: In design 'MyDesign', port 'dut__tb__sram_input_write_data[10]' is not connected to any nets. (LINT-28)
Warning: In design 'MyDesign', port 'dut__tb__sram_input_write_data[9]' is not connected to any nets. (LINT-28)
Warning: In design 'MyDesign', port 'dut__tb__sram_input_write_data[8]' is not connected to any nets. (LINT-28)
Warning: In design 'MyDesign', port 'dut__tb__sram_input_write_data[7]' is not connected to any nets. (LINT-28)
Warning: In design 'MyDesign', port 'dut__tb__sram_input_write_data[6]' is not connected to any nets. (LINT-28)
Warning: In design 'MyDesign', port 'dut__tb__sram_input_write_data[5]' is not connected to any nets. (LINT-28)
Warning: In design 'MyDesign', port 'dut__tb__sram_input_write_data[4]' is not connected to any nets. (LINT-28)
Warning: In design 'MyDesign', port 'dut__tb__sram_input_write_data[3]' is not connected to any nets. (LINT-28)
Warning: In design 'MyDesign', port 'dut__tb__sram_input_write_data[2]' is not connected to any nets. (LINT-28)
Warning: In design 'MyDesign', port 'dut__tb__sram_input_write_data[1]' is not connected to any nets. (LINT-28)
Warning: In design 'MyDesign', port 'dut__tb__sram_input_write_data[0]' is not connected to any nets. (LINT-28)
Warning: In design 'MyDesign', port 'dut__tb__sram_weight_write_address[15]' is not connected to any nets. (LINT-28)
Warning: In design 'MyDesign', port 'dut__tb__sram_weight_write_address[14]' is not connected to any nets. (LINT-28)
Warning: In design 'MyDesign', port 'dut__tb__sram_weight_write_address[13]' is not connected to any nets. (LINT-28)
Warning: In design 'MyDesign', port 'dut__tb__sram_weight_write_address[12]' is not connected to any nets. (LINT-28)
Warning: In design 'MyDesign', port 'dut__tb__sram_weight_write_address[11]' is not connected to any nets. (LINT-28)
Warning: In design 'MyDesign', port 'dut__tb__sram_weight_write_address[10]' is not connected to any nets. (LINT-28)
Warning: In design 'MyDesign', port 'dut__tb__sram_weight_write_address[9]' is not connected to any nets. (LINT-28)
Warning: In design 'MyDesign', port 'dut__tb__sram_weight_write_address[8]' is not connected to any nets. (LINT-28)
Warning: In design 'MyDesign', port 'dut__tb__sram_weight_write_address[7]' is not connected to any nets. (LINT-28)
Warning: In design 'MyDesign', port 'dut__tb__sram_weight_write_address[6]' is not connected to any nets. (LINT-28)
Warning: In design 'MyDesign', port 'dut__tb__sram_weight_write_address[5]' is not connected to any nets. (LINT-28)
Warning: In design 'MyDesign', port 'dut__tb__sram_weight_write_address[4]' is not connected to any nets. (LINT-28)
Warning: In design 'MyDesign', port 'dut__tb__sram_weight_write_address[3]' is not connected to any nets. (LINT-28)
Warning: In design 'MyDesign', port 'dut__tb__sram_weight_write_address[2]' is not connected to any nets. (LINT-28)
Warning: In design 'MyDesign', port 'dut__tb__sram_weight_write_address[1]' is not connected to any nets. (LINT-28)
Warning: In design 'MyDesign', port 'dut__tb__sram_weight_write_address[0]' is not connected to any nets. (LINT-28)
Warning: In design 'MyDesign', port 'dut__tb__sram_weight_write_data[31]' is not connected to any nets. (LINT-28)
Warning: In design 'MyDesign', port 'dut__tb__sram_weight_write_data[30]' is not connected to any nets. (LINT-28)
Warning: In design 'MyDesign', port 'dut__tb__sram_weight_write_data[29]' is not connected to any nets. (LINT-28)
Warning: In design 'MyDesign', port 'dut__tb__sram_weight_write_data[28]' is not connected to any nets. (LINT-28)
Warning: In design 'MyDesign', port 'dut__tb__sram_weight_write_data[27]' is not connected to any nets. (LINT-28)
Warning: In design 'MyDesign', port 'dut__tb__sram_weight_write_data[26]' is not connected to any nets. (LINT-28)
Warning: In design 'MyDesign', port 'dut__tb__sram_weight_write_data[25]' is not connected to any nets. (LINT-28)
Warning: In design 'MyDesign', port 'dut__tb__sram_weight_write_data[24]' is not connected to any nets. (LINT-28)
Warning: In design 'MyDesign', port 'dut__tb__sram_weight_write_data[23]' is not connected to any nets. (LINT-28)
Warning: In design 'MyDesign', port 'dut__tb__sram_weight_write_data[22]' is not connected to any nets. (LINT-28)
Warning: In design 'MyDesign', port 'dut__tb__sram_weight_write_data[21]' is not connected to any nets. (LINT-28)
Warning: In design 'MyDesign', port 'dut__tb__sram_weight_write_data[20]' is not connected to any nets. (LINT-28)
Warning: In design 'MyDesign', port 'dut__tb__sram_weight_write_data[19]' is not connected to any nets. (LINT-28)
Warning: In design 'MyDesign', port 'dut__tb__sram_weight_write_data[18]' is not connected to any nets. (LINT-28)
Warning: In design 'MyDesign', port 'dut__tb__sram_weight_write_data[17]' is not connected to any nets. (LINT-28)
Warning: In design 'MyDesign', port 'dut__tb__sram_weight_write_data[16]' is not connected to any nets. (LINT-28)
Warning: In design 'MyDesign', port 'dut__tb__sram_weight_write_data[15]' is not connected to any nets. (LINT-28)
Warning: In design 'MyDesign', port 'dut__tb__sram_weight_write_data[14]' is not connected to any nets. (LINT-28)
Warning: In design 'MyDesign', port 'dut__tb__sram_weight_write_data[13]' is not connected to any nets. (LINT-28)
Warning: In design 'MyDesign', port 'dut__tb__sram_weight_write_data[12]' is not connected to any nets. (LINT-28)
Warning: In design 'MyDesign', port 'dut__tb__sram_weight_write_data[11]' is not connected to any nets. (LINT-28)
Warning: In design 'MyDesign', port 'dut__tb__sram_weight_write_data[10]' is not connected to any nets. (LINT-28)
Warning: In design 'MyDesign', port 'dut__tb__sram_weight_write_data[9]' is not connected to any nets. (LINT-28)
Warning: In design 'MyDesign', port 'dut__tb__sram_weight_write_data[8]' is not connected to any nets. (LINT-28)
Warning: In design 'MyDesign', port 'dut__tb__sram_weight_write_data[7]' is not connected to any nets. (LINT-28)
Warning: In design 'MyDesign', port 'dut__tb__sram_weight_write_data[6]' is not connected to any nets. (LINT-28)
Warning: In design 'MyDesign', port 'dut__tb__sram_weight_write_data[5]' is not connected to any nets. (LINT-28)
Warning: In design 'MyDesign', port 'dut__tb__sram_weight_write_data[4]' is not connected to any nets. (LINT-28)
Warning: In design 'MyDesign', port 'dut__tb__sram_weight_write_data[3]' is not connected to any nets. (LINT-28)
Warning: In design 'MyDesign', port 'dut__tb__sram_weight_write_data[2]' is not connected to any nets. (LINT-28)
Warning: In design 'MyDesign', port 'dut__tb__sram_weight_write_data[1]' is not connected to any nets. (LINT-28)
Warning: In design 'MyDesign', port 'dut__tb__sram_weight_write_data[0]' is not connected to any nets. (LINT-28)
Warning: In design 'MyDesign', output port 'dut__tb__sram_input_write_enable' is connected directly to output port 'dut__tb__sram_weight_write_enable'. (LINT-31)
Warning: In design 'MyDesign', output port 'dut__tb__sram_result_write_data[31]' is connected directly to output port 'dut__tb__sram_scratchpad_write_data[31]'. (LINT-31)
Warning: In design 'MyDesign', output port 'dut__tb__sram_result_write_data[30]' is connected directly to output port 'dut__tb__sram_scratchpad_write_data[30]'. (LINT-31)
Warning: In design 'MyDesign', output port 'dut__tb__sram_result_write_data[29]' is connected directly to output port 'dut__tb__sram_scratchpad_write_data[29]'. (LINT-31)
Warning: In design 'MyDesign', output port 'dut__tb__sram_result_write_data[28]' is connected directly to output port 'dut__tb__sram_scratchpad_write_data[28]'. (LINT-31)
Warning: In design 'MyDesign', output port 'dut__tb__sram_result_write_data[27]' is connected directly to output port 'dut__tb__sram_scratchpad_write_data[27]'. (LINT-31)
Warning: In design 'MyDesign', output port 'dut__tb__sram_result_write_data[26]' is connected directly to output port 'dut__tb__sram_scratchpad_write_data[26]'. (LINT-31)
Warning: In design 'MyDesign', output port 'dut__tb__sram_result_write_data[25]' is connected directly to output port 'dut__tb__sram_scratchpad_write_data[25]'. (LINT-31)
Warning: In design 'MyDesign', output port 'dut__tb__sram_result_write_data[24]' is connected directly to output port 'dut__tb__sram_scratchpad_write_data[24]'. (LINT-31)
Warning: In design 'MyDesign', output port 'dut__tb__sram_result_write_data[23]' is connected directly to output port 'dut__tb__sram_scratchpad_write_data[23]'. (LINT-31)
Warning: In design 'MyDesign', output port 'dut__tb__sram_result_write_data[22]' is connected directly to output port 'dut__tb__sram_scratchpad_write_data[22]'. (LINT-31)
Warning: In design 'MyDesign', output port 'dut__tb__sram_result_write_data[21]' is connected directly to output port 'dut__tb__sram_scratchpad_write_data[21]'. (LINT-31)
Warning: In design 'MyDesign', output port 'dut__tb__sram_result_write_data[20]' is connected directly to output port 'dut__tb__sram_scratchpad_write_data[20]'. (LINT-31)
Warning: In design 'MyDesign', output port 'dut__tb__sram_result_write_data[19]' is connected directly to output port 'dut__tb__sram_scratchpad_write_data[19]'. (LINT-31)
Warning: In design 'MyDesign', output port 'dut__tb__sram_result_write_data[18]' is connected directly to output port 'dut__tb__sram_scratchpad_write_data[18]'. (LINT-31)
Warning: In design 'MyDesign', output port 'dut__tb__sram_result_write_data[17]' is connected directly to output port 'dut__tb__sram_scratchpad_write_data[17]'. (LINT-31)
Warning: In design 'MyDesign', output port 'dut__tb__sram_result_write_data[16]' is connected directly to output port 'dut__tb__sram_scratchpad_write_data[16]'. (LINT-31)
Warning: In design 'MyDesign', output port 'dut__tb__sram_result_write_data[15]' is connected directly to output port 'dut__tb__sram_scratchpad_write_data[15]'. (LINT-31)
Warning: In design 'MyDesign', output port 'dut__tb__sram_result_write_data[14]' is connected directly to output port 'dut__tb__sram_scratchpad_write_data[14]'. (LINT-31)
Warning: In design 'MyDesign', output port 'dut__tb__sram_result_write_data[13]' is connected directly to output port 'dut__tb__sram_scratchpad_write_data[13]'. (LINT-31)
Warning: In design 'MyDesign', output port 'dut__tb__sram_result_write_data[12]' is connected directly to output port 'dut__tb__sram_scratchpad_write_data[12]'. (LINT-31)
Warning: In design 'MyDesign', output port 'dut__tb__sram_result_write_data[11]' is connected directly to output port 'dut__tb__sram_scratchpad_write_data[11]'. (LINT-31)
Warning: In design 'MyDesign', output port 'dut__tb__sram_result_write_data[10]' is connected directly to output port 'dut__tb__sram_scratchpad_write_data[10]'. (LINT-31)
Warning: In design 'MyDesign', output port 'dut__tb__sram_result_write_data[9]' is connected directly to output port 'dut__tb__sram_scratchpad_write_data[9]'. (LINT-31)
Warning: In design 'MyDesign', output port 'dut__tb__sram_result_write_data[8]' is connected directly to output port 'dut__tb__sram_scratchpad_write_data[8]'. (LINT-31)
Warning: In design 'MyDesign', output port 'dut__tb__sram_result_write_data[7]' is connected directly to output port 'dut__tb__sram_scratchpad_write_data[7]'. (LINT-31)
Warning: In design 'MyDesign', output port 'dut__tb__sram_result_write_data[6]' is connected directly to output port 'dut__tb__sram_scratchpad_write_data[6]'. (LINT-31)
Warning: In design 'MyDesign', output port 'dut__tb__sram_result_write_data[5]' is connected directly to output port 'dut__tb__sram_scratchpad_write_data[5]'. (LINT-31)
Warning: In design 'MyDesign', output port 'dut__tb__sram_result_write_data[4]' is connected directly to output port 'dut__tb__sram_scratchpad_write_data[4]'. (LINT-31)
Warning: In design 'MyDesign', output port 'dut__tb__sram_result_write_data[3]' is connected directly to output port 'dut__tb__sram_scratchpad_write_data[3]'. (LINT-31)
Warning: In design 'MyDesign', output port 'dut__tb__sram_result_write_data[2]' is connected directly to output port 'dut__tb__sram_scratchpad_write_data[2]'. (LINT-31)
Warning: In design 'MyDesign', output port 'dut__tb__sram_result_write_data[1]' is connected directly to output port 'dut__tb__sram_scratchpad_write_data[1]'. (LINT-31)
Warning: In design 'MyDesign', output port 'dut__tb__sram_result_write_data[0]' is connected directly to output port 'dut__tb__sram_scratchpad_write_data[0]'. (LINT-31)
Warning: In design 'MyDesign', three-state bus 'ACCUM_en' has non three-state driver 'ACCUM_en_reg/Q'. (LINT-34)
Warning: In design 'MyDesign', three-state bus 'B[0]' has non three-state driver 'C1586/Z_0'. (LINT-34)
Warning: In design 'MyDesign', three-state bus 'B[1]' has non three-state driver 'C1586/Z_1'. (LINT-34)
Warning: In design 'MyDesign', three-state bus 'B[2]' has non three-state driver 'C1586/Z_2'. (LINT-34)
Warning: In design 'MyDesign', three-state bus 'B[3]' has non three-state driver 'C1586/Z_3'. (LINT-34)
Warning: In design 'MyDesign', three-state bus 'B[4]' has non three-state driver 'C1586/Z_4'. (LINT-34)
Warning: In design 'MyDesign', three-state bus 'B[5]' has non three-state driver 'C1586/Z_5'. (LINT-34)
Warning: In design 'MyDesign', three-state bus 'B[6]' has non three-state driver 'C1586/Z_6'. (LINT-34)
Warning: In design 'MyDesign', three-state bus 'B[7]' has non three-state driver 'C1586/Z_7'. (LINT-34)
Warning: In design 'MyDesign', three-state bus 'B[8]' has non three-state driver 'C1586/Z_8'. (LINT-34)
Warning: In design 'MyDesign', three-state bus 'B[9]' has non three-state driver 'C1586/Z_9'. (LINT-34)
Warning: In design 'MyDesign', three-state bus 'B[10]' has non three-state driver 'C1586/Z_10'. (LINT-34)
Warning: In design 'MyDesign', three-state bus 'B[11]' has non three-state driver 'C1586/Z_11'. (LINT-34)
Warning: In design 'MyDesign', three-state bus 'B[12]' has non three-state driver 'C1586/Z_12'. (LINT-34)
Warning: In design 'MyDesign', three-state bus 'B[13]' has non three-state driver 'C1586/Z_13'. (LINT-34)
Warning: In design 'MyDesign', three-state bus 'B[14]' has non three-state driver 'C1586/Z_14'. (LINT-34)
Warning: In design 'MyDesign', three-state bus 'B[15]' has non three-state driver 'C1586/Z_15'. (LINT-34)
Warning: In design 'MyDesign', three-state bus 'B[16]' has non three-state driver 'C1586/Z_16'. (LINT-34)
Warning: In design 'MyDesign', three-state bus 'B[17]' has non three-state driver 'C1586/Z_17'. (LINT-34)
Warning: In design 'MyDesign', three-state bus 'B[18]' has non three-state driver 'C1586/Z_18'. (LINT-34)
Warning: In design 'MyDesign', three-state bus 'B[19]' has non three-state driver 'C1586/Z_19'. (LINT-34)
Warning: In design 'MyDesign', three-state bus 'B[20]' has non three-state driver 'C1586/Z_20'. (LINT-34)
Warning: In design 'MyDesign', three-state bus 'B[21]' has non three-state driver 'C1586/Z_21'. (LINT-34)
Warning: In design 'MyDesign', three-state bus 'B[22]' has non three-state driver 'C1586/Z_22'. (LINT-34)
Warning: In design 'MyDesign', three-state bus 'B[23]' has non three-state driver 'C1586/Z_23'. (LINT-34)
Warning: In design 'MyDesign', three-state bus 'B[24]' has non three-state driver 'C1586/Z_24'. (LINT-34)
Warning: In design 'MyDesign', three-state bus 'B[25]' has non three-state driver 'C1586/Z_25'. (LINT-34)
Warning: In design 'MyDesign', three-state bus 'B[26]' has non three-state driver 'C1586/Z_26'. (LINT-34)
Warning: In design 'MyDesign', three-state bus 'B[27]' has non three-state driver 'C1586/Z_27'. (LINT-34)
Warning: In design 'MyDesign', three-state bus 'B[28]' has non three-state driver 'C1586/Z_28'. (LINT-34)
Warning: In design 'MyDesign', three-state bus 'B[29]' has non three-state driver 'C1586/Z_29'. (LINT-34)
Warning: In design 'MyDesign', three-state bus 'B[30]' has non three-state driver 'C1586/Z_30'. (LINT-34)
Warning: In design 'MyDesign', three-state bus 'B[31]' has non three-state driver 'C1586/Z_31'. (LINT-34)
Warning: In design 'MyDesign', three-state bus 'A[0]' has non three-state driver 'C1585/Z_0'. (LINT-34)
Warning: In design 'MyDesign', three-state bus 'A[1]' has non three-state driver 'C1585/Z_1'. (LINT-34)
Warning: In design 'MyDesign', three-state bus 'A[2]' has non three-state driver 'C1585/Z_2'. (LINT-34)
Warning: In design 'MyDesign', three-state bus 'A[3]' has non three-state driver 'C1585/Z_3'. (LINT-34)
Warning: In design 'MyDesign', three-state bus 'A[4]' has non three-state driver 'C1585/Z_4'. (LINT-34)
Warning: In design 'MyDesign', three-state bus 'A[5]' has non three-state driver 'C1585/Z_5'. (LINT-34)
Warning: In design 'MyDesign', three-state bus 'A[6]' has non three-state driver 'C1585/Z_6'. (LINT-34)
Warning: In design 'MyDesign', three-state bus 'A[7]' has non three-state driver 'C1585/Z_7'. (LINT-34)
Warning: In design 'MyDesign', three-state bus 'A[8]' has non three-state driver 'C1585/Z_8'. (LINT-34)
Warning: In design 'MyDesign', three-state bus 'A[9]' has non three-state driver 'C1585/Z_9'. (LINT-34)
Warning: In design 'MyDesign', three-state bus 'A[10]' has non three-state driver 'C1585/Z_10'. (LINT-34)
Warning: In design 'MyDesign', three-state bus 'A[11]' has non three-state driver 'C1585/Z_11'. (LINT-34)
Warning: In design 'MyDesign', three-state bus 'A[12]' has non three-state driver 'C1585/Z_12'. (LINT-34)
Warning: In design 'MyDesign', three-state bus 'A[13]' has non three-state driver 'C1585/Z_13'. (LINT-34)
Warning: In design 'MyDesign', three-state bus 'A[14]' has non three-state driver 'C1585/Z_14'. (LINT-34)
Warning: In design 'MyDesign', three-state bus 'A[15]' has non three-state driver 'C1585/Z_15'. (LINT-34)
Warning: In design 'MyDesign', three-state bus 'A[16]' has non three-state driver 'C1585/Z_16'. (LINT-34)
Warning: In design 'MyDesign', three-state bus 'A[17]' has non three-state driver 'C1585/Z_17'. (LINT-34)
Warning: In design 'MyDesign', three-state bus 'A[18]' has non three-state driver 'C1585/Z_18'. (LINT-34)
Warning: In design 'MyDesign', three-state bus 'A[19]' has non three-state driver 'C1585/Z_19'. (LINT-34)
Warning: In design 'MyDesign', three-state bus 'A[20]' has non three-state driver 'C1585/Z_20'. (LINT-34)
Warning: In design 'MyDesign', three-state bus 'A[21]' has non three-state driver 'C1585/Z_21'. (LINT-34)
Warning: In design 'MyDesign', three-state bus 'A[22]' has non three-state driver 'C1585/Z_22'. (LINT-34)
Warning: In design 'MyDesign', three-state bus 'A[23]' has non three-state driver 'C1585/Z_23'. (LINT-34)
Warning: In design 'MyDesign', three-state bus 'A[24]' has non three-state driver 'C1585/Z_24'. (LINT-34)
Warning: In design 'MyDesign', three-state bus 'A[25]' has non three-state driver 'C1585/Z_25'. (LINT-34)
Warning: In design 'MyDesign', three-state bus 'A[26]' has non three-state driver 'C1585/Z_26'. (LINT-34)
Warning: In design 'MyDesign', three-state bus 'A[27]' has non three-state driver 'C1585/Z_27'. (LINT-34)
Warning: In design 'MyDesign', three-state bus 'A[28]' has non three-state driver 'C1585/Z_28'. (LINT-34)
Warning: In design 'MyDesign', three-state bus 'A[29]' has non three-state driver 'C1585/Z_29'. (LINT-34)
Warning: In design 'MyDesign', three-state bus 'A[30]' has non three-state driver 'C1585/Z_30'. (LINT-34)
Warning: In design 'MyDesign', three-state bus 'A[31]' has non three-state driver 'C1585/Z_31'. (LINT-34)
Warning: In design 'MyDesign', three-state bus '*Logic0*' has non three-state driver 'U2/**logic_0**'. (LINT-34)
Warning: In design 'MyDesign', three-state bus '*Logic1*' has non three-state driver 'U1/**logic_1**'. (LINT-34)
Warning: In design 'MyDesign', output port 'dut__tb__sram_input_write_enable' is connected directly to 'logic 0'. (LINT-52)
Warning: In design 'MyDesign', output port 'dut__tb__sram_weight_write_enable' is connected directly to 'logic 0'. (LINT-52)
Warning: In design 'MyDesign', multiply-driven net '*Logic0*' is driven by constant 0. (LINT-54)
Warning: In design 'MyDesign', multiply-driven net '*Logic1*' is driven by constant 1. (LINT-54)
#---------------------------------------------------------
# link performs check for presence of the design components 
# instantiated within the design. It makes sure that all the 
# components (either library unit or other designs within the
# heirarchy) are present in the search path and connects all 
# of the disparate components logically to the present design
#---------------------------------------------------------
link 

  Linking design 'MyDesign'
  Using the following designs and libraries:
  --------------------------------------------------------------------------
  NangateOpenCellLibrary_PDKv1_2_v2008_10_slow_nldm (library)
                              /mnt/coe/workspace/ece/ece720-common/tech/nangate/NangateOpenCellLibrary_PDKv1_2_v2008_10/liberty/520/NangateOpenCellLibrary_PDKv1_2_v2008_10_slow_nldm.db
  dw_foundation.sldb (library)
                              /mnt/apps/public/COE/synopsys_apps/syn/T-2022.03-SP4/libraries/syn/dw_foundation.sldb

1
